FAILED Se Lab Subject 1 @ SE-A-B1: ['No Teacher (Se Lab Subject 1)']
FAILED Se Lab Subject 2 @ SE-A-B1: ['No Teacher (Se Lab Subject 2)']
FAILED Se Lab Subject 3 @ SE-A-B1: ['No Teacher (Se Lab Subject 3)']
FAILED Se Lab Subject 2 @ SE-A-B2: ['No Teacher (Se Lab Subject 2)']
FAILED Se Lab Subject 3 @ SE-A-B2: ['No Teacher (Se Lab Subject 3)']
FAILED Se Lab Subject 1 @ SE-A-B2: ['No Teacher (Se Lab Subject 1)']
FAILED Se Lab Subject 3 @ SE-A-B3: ['No Teacher (Se Lab Subject 3)']
FAILED Se Lab Subject 1 @ SE-A-B3: ['No Teacher (Se Lab Subject 1)']
FAILED Se Lab Subject 2 @ SE-A-B3: ['No Teacher (Se Lab Subject 2)']
FAILED Se Lab Subject 1 @ SE-B-B1: ['No Teacher (Se Lab Subject 1)']
FAILED Se Lab Subject 2 @ SE-B-B1: ['No Teacher (Se Lab Subject 2)']
FAILED Se Lab Subject 3 @ SE-B-B1: ['No Teacher (Se Lab Subject 3)']
FAILED Se Lab Subject 2 @ SE-B-B2: ['No Teacher (Se Lab Subject 2)']
FAILED Se Lab Subject 3 @ SE-B-B2: ['No Teacher (Se Lab Subject 3)']
FAILED Se Lab Subject 1 @ SE-B-B2: ['No Teacher (Se Lab Subject 1)']
FAILED Se Lab Subject 3 @ SE-B-B3: ['No Teacher (Se Lab Subject 3)']
FAILED Se Lab Subject 1 @ SE-B-B3: ['No Teacher (Se Lab Subject 1)']
FAILED Se Lab Subject 2 @ SE-B-B3: ['No Teacher (Se Lab Subject 2)']
FAILED Se Lab Subject 1 @ SE-C-B1: ['No Teacher (Se Lab Subject 1)']
FAILED Se Lab Subject 2 @ SE-C-B1: ['No Teacher (Se Lab Subject 2)']
FAILED Se Lab Subject 3 @ SE-C-B1: ['No Teacher (Se Lab Subject 3)']
FAILED Se Lab Subject 2 @ SE-C-B2: ['No Teacher (Se Lab Subject 2)']
FAILED Se Lab Subject 3 @ SE-C-B2: ['No Teacher (Se Lab Subject 3)']
FAILED Se Lab Subject 1 @ SE-C-B2: ['No Teacher (Se Lab Subject 1)']
FAILED Se Lab Subject 3 @ SE-C-B3: ['No Teacher (Se Lab Subject 3)']
FAILED Se Lab Subject 1 @ SE-C-B3: ['No Teacher (Se Lab Subject 1)']
FAILED Se Lab Subject 2 @ SE-C-B3: ['No Teacher (Se Lab Subject 2)']
FAILED Te Lab Subject 1 @ TE-A-B1: ['No Teacher (Te Lab Subject 1)']
FAILED Te Lab Subject 2 @ TE-A-B1: ['No Teacher (Te Lab Subject 2)']
FAILED Te Lab Subject 3 @ TE-A-B1: ['No Teacher (Te Lab Subject 3)']
FAILED Te Lab Subject 2 @ TE-A-B2: ['No Teacher (Te Lab Subject 2)']
FAILED Te Lab Subject 3 @ TE-A-B2: ['No Teacher (Te Lab Subject 3)']
FAILED Te Lab Subject 1 @ TE-A-B2: ['No Teacher (Te Lab Subject 1)']
FAILED Te Lab Subject 3 @ TE-A-B3: ['No Teacher (Te Lab Subject 3)']
FAILED Te Lab Subject 1 @ TE-A-B3: ['No Teacher (Te Lab Subject 1)']
FAILED Te Lab Subject 2 @ TE-A-B3: ['No Teacher (Te Lab Subject 2)']
FAILED Te Lab Subject 1 @ TE-B-B1: ['No Teacher (Te Lab Subject 1)']
FAILED Te Lab Subject 2 @ TE-B-B1: ['No Teacher (Te Lab Subject 2)']
FAILED Te Lab Subject 3 @ TE-B-B1: ['No Teacher (Te Lab Subject 3)']
FAILED Te Lab Subject 2 @ TE-B-B2: ['No Teacher (Te Lab Subject 2)']
FAILED Te Lab Subject 3 @ TE-B-B2: ['No Teacher (Te Lab Subject 3)']
FAILED Te Lab Subject 1 @ TE-B-B2: ['No Teacher (Te Lab Subject 1)']
FAILED Te Lab Subject 3 @ TE-B-B3: ['No Teacher (Te Lab Subject 3)']
FAILED Te Lab Subject 1 @ TE-B-B3: ['No Teacher (Te Lab Subject 1)']
FAILED Te Lab Subject 2 @ TE-B-B3: ['No Teacher (Te Lab Subject 2)']
FAILED Be Lab Subject 1 @ BE-A-B1: ['No Teacher (Be Lab Subject 1)']
FAILED Be Lab Subject 2 @ BE-A-B1: ['No Teacher (Be Lab Subject 2)']
FAILED Be Lab Subject 3 @ BE-A-B1: ['No Teacher (Be Lab Subject 3)']
FAILED Be Lab Subject 2 @ BE-A-B2: ['No Teacher (Be Lab Subject 2)']
FAILED Be Lab Subject 3 @ BE-A-B2: ['No Teacher (Be Lab Subject 3)']
FAILED Be Lab Subject 1 @ BE-A-B2: ['No Teacher (Be Lab Subject 1)']
FAILED Be Lab Subject 3 @ BE-A-B3: ['No Teacher (Be Lab Subject 3)']
FAILED Be Lab Subject 1 @ BE-A-B3: ['No Teacher (Be Lab Subject 1)']
FAILED Be Lab Subject 2 @ BE-A-B3: ['No Teacher (Be Lab Subject 2)']
FAILED Be Lab Subject 1 @ BE-B-B1: ['No Teacher (Be Lab Subject 1)']
FAILED Be Lab Subject 2 @ BE-B-B1: ['No Teacher (Be Lab Subject 2)']
FAILED Be Lab Subject 3 @ BE-B-B1: ['No Teacher (Be Lab Subject 3)']
FAILED Be Lab Subject 2 @ BE-B-B2: ['No Teacher (Be Lab Subject 2)']
FAILED Be Lab Subject 3 @ BE-B-B2: ['No Teacher (Be Lab Subject 3)']
FAILED Be Lab Subject 1 @ BE-B-B2: ['No Teacher (Be Lab Subject 1)']
FAILED Be Lab Subject 3 @ BE-B-B3: ['No Teacher (Be Lab Subject 3)']
FAILED Be Lab Subject 1 @ BE-B-B3: ['No Teacher (Be Lab Subject 1)']
FAILED Be Lab Subject 2 @ BE-B-B3: ['No Teacher (Be Lab Subject 2)']
FAILED SE_L1 @ SE-A-B1: ['No Lab Room']
FAILED SE_L2 @ SE-A-B1: ['No Lab Room']
FAILED SE_L3 @ SE-A-B1: ['No Lab Room']
FAILED SE_L2 @ SE-A-B2: ['No Lab Room']
FAILED SE_L3 @ SE-A-B2: ['No Lab Room']
FAILED SE_L1 @ SE-A-B2: ['No Lab Room']
FAILED SE_L3 @ SE-A-B3: ['No Lab Room']
FAILED SE_L1 @ SE-A-B3: ['No Lab Room']
FAILED SE_L2 @ SE-A-B3: ['No Lab Room']
FAILED SE_L1 @ SE-B-B1: ['No Lab Room']
FAILED SE_L2 @ SE-B-B1: ['No Lab Room']
FAILED SE_L3 @ SE-B-B1: ['No Lab Room']
FAILED SE_L2 @ SE-B-B2: ['No Lab Room']
FAILED SE_L3 @ SE-B-B2: ['No Lab Room']
FAILED SE_L1 @ SE-B-B2: ['No Lab Room']
FAILED SE_L3 @ SE-B-B3: ['No Lab Room']
FAILED SE_L1 @ SE-B-B3: ['No Lab Room']
FAILED SE_L2 @ SE-B-B3: ['No Lab Room']
FAILED TE_L1 @ TE-A-B1: ['No Lab Room']
FAILED TE_L2 @ TE-A-B1: ['No Lab Room']
FAILED TE_L3 @ TE-A-B1: ['No Lab Room']
FAILED TE_L2 @ TE-A-B2: ['No Lab Room']
FAILED TE_L3 @ TE-A-B2: ['No Lab Room']
FAILED TE_L1 @ TE-A-B2: ['No Lab Room']
FAILED TE_L3 @ TE-A-B3: ['No Lab Room']
FAILED TE_L1 @ TE-A-B3: ['No Lab Room']
FAILED TE_L2 @ TE-A-B3: ['No Lab Room']
FAILED TE_L1 @ TE-B-B1: ['No Lab Room']
FAILED TE_L2 @ TE-B-B1: ['No Lab Room']
FAILED TE_L3 @ TE-B-B1: ['No Lab Room']
FAILED TE_L2 @ TE-B-B2: ['No Lab Room']
FAILED TE_L3 @ TE-B-B2: ['No Lab Room']
FAILED TE_L1 @ TE-B-B2: ['No Lab Room']
FAILED TE_L3 @ TE-B-B3: ['No Lab Room']
FAILED TE_L1 @ TE-B-B3: ['No Lab Room']
FAILED TE_L2 @ TE-B-B3: ['No Lab Room']
FAILED BE_L1 @ BE-A-B1: ['No Lab Room']
FAILED BE_L2 @ BE-A-B1: ['No Lab Room']
FAILED BE_L3 @ BE-A-B1: ['No Lab Room']
FAILED BE_L2 @ BE-A-B2: ['No Lab Room']
FAILED BE_L3 @ BE-A-B2: ['No Lab Room']
FAILED BE_L1 @ BE-A-B2: ['No Lab Room']
FAILED BE_L3 @ BE-A-B3: ['No Lab Room']
FAILED BE_L1 @ BE-A-B3: ['No Lab Room']
FAILED BE_L2 @ BE-A-B3: ['No Lab Room']
FAILED BE_L1 @ BE-B-B1: ['No Lab Room']
FAILED BE_L2 @ BE-B-B1: ['No Lab Room']
FAILED BE_L3 @ BE-B-B1: ['No Lab Room']
FAILED BE_L2 @ BE-B-B2: ['No Lab Room']
FAILED BE_L3 @ BE-B-B2: ['No Lab Room']
FAILED BE_L1 @ BE-B-B2: ['No Lab Room']
FAILED BE_L3 @ BE-B-B3: ['No Lab Room']
FAILED BE_L1 @ BE-B-B3: ['No Lab Room']
FAILED BE_L2 @ BE-B-B3: ['No Lab Room']
